<?xml version="1.0" encoding="UTF-8"?>
<!-- Generated by org.testng.reporters.JUnitXMLReporter -->
<testsuite ignored="0" hostname="DESKTOP-UAJMCLF" failures="0" tests="3" name="Registeration and Recent NewsTest" time="251.339" errors="0" timestamp="2023-03-28T10:41:11 IST">
  <testcase classname="tests.LoginTests" name="validLoginTest" time="44.17"/>
  <testcase classname="tests.RegisterationTest" name="validRegisterationTest" time="96.466"/>
  <testcase classname="tests.RecentNewsFeedTest" name="validateRecentNewsFeed" time="104.168"/>
</testsuite> <!-- Registeration and Recent NewsTest -->
