<?xml version="1.0" encoding="UTF-8"?>
<testng-results ignored="0" total="1" passed="0" failed="1" skipped="0">
  <reporter-output>
  </reporter-output>
  <suite started-at="2023-03-29T16:11:50 IST" name="Default suite" finished-at="2023-03-29T16:13:14 IST" duration-ms="84909">
    <groups>
    </groups>
    <test started-at="2023-03-29T16:11:50 IST" name="Default test" finished-at="2023-03-29T16:13:14 IST" duration-ms="84909">
      <class name="tests.AlbumsTest">
        <test-method is-config="true" signature="classLevelSetup()[pri:0, instance:tests.AlbumsTest@2aceadd4]" started-at="2023-03-29T16:11:50 IST" name="classLevelSetup" finished-at="2023-03-29T16:11:54 IST" duration-ms="4023" status="PASS">
          <reporter-output>
          </reporter-output>
        </test-method> <!-- classLevelSetup -->
        <test-method signature="ValidateCreateAlbum(java.lang.String)[pri:0, instance:tests.AlbumsTest@2aceadd4]" started-at="2023-03-29T16:11:54 IST" name="ValidateCreateAlbum" data-provider="data" finished-at="2023-03-29T16:13:14 IST" duration-ms="80128" status="FAIL">
          <params>
            <param index="0">
              <value>
                <![CDATA[D:\TUGU\photos\pic1.jpg]]>
              </value>
            </param>
          </params>
          <exception class="java.lang.ClassCastException">
            <message>
              <![CDATA[class java.util.ArrayList cannot be cast to class org.openqa.selenium.WebElement (java.util.ArrayList is in module java.base of loader 'bootstrap'; org.openqa.selenium.WebElement is in unnamed module of loader 'app')]]>
            </message>
            <full-stacktrace>
              <![CDATA[java.lang.ClassCastException: class java.util.ArrayList cannot be cast to class org.openqa.selenium.WebElement (java.util.ArrayList is in module java.base of loader 'bootstrap'; org.openqa.selenium.WebElement is in unnamed module of loader 'app')
at pages.AlbumsPage.CreateAlbum(AlbumsPage.java:49)
at tests.AlbumsTest.ValidateCreateAlbum(AlbumsTest.java:19)
at java.base/jdk.internal.reflect.NativeMethodAccessorImpl.invoke0(Native Method)
at java.base/jdk.internal.reflect.NativeMethodAccessorImpl.invoke(NativeMethodAccessorImpl.java:77)
at java.base/jdk.internal.reflect.DelegatingMethodAccessorImpl.invoke(DelegatingMethodAccessorImpl.java:43)
at java.base/java.lang.reflect.Method.invoke(Method.java:568)
at org.testng.internal.invokers.MethodInvocationHelper.invokeMethod(MethodInvocationHelper.java:139)
at org.testng.internal.invokers.TestInvoker.invokeMethod(TestInvoker.java:677)
at org.testng.internal.invokers.TestInvoker.invokeTestMethod(TestInvoker.java:221)
at org.testng.internal.invokers.MethodRunner.runInSequence(MethodRunner.java:50)
at org.testng.internal.invokers.TestInvoker$MethodInvocationAgent.invoke(TestInvoker.java:962)
at org.testng.internal.invokers.TestInvoker.invokeTestMethods(TestInvoker.java:194)
at org.testng.internal.invokers.TestMethodWorker.invokeTestMethods(TestMethodWorker.java:148)
at org.testng.internal.invokers.TestMethodWorker.run(TestMethodWorker.java:128)
at java.base/java.util.ArrayList.forEach(ArrayList.java:1511)
at org.testng.TestRunner.privateRun(TestRunner.java:806)
at org.testng.TestRunner.run(TestRunner.java:601)
at org.testng.SuiteRunner.runTest(SuiteRunner.java:433)
at org.testng.SuiteRunner.runSequentially(SuiteRunner.java:427)
at org.testng.SuiteRunner.privateRun(SuiteRunner.java:387)
at org.testng.SuiteRunner.run(SuiteRunner.java:330)
at org.testng.SuiteRunnerWorker.runSuite(SuiteRunnerWorker.java:52)
at org.testng.SuiteRunnerWorker.run(SuiteRunnerWorker.java:95)
at org.testng.TestNG.runSuitesSequentially(TestNG.java:1256)
at org.testng.TestNG.runSuitesLocally(TestNG.java:1176)
at org.testng.TestNG.runSuites(TestNG.java:1099)
at org.testng.TestNG.run(TestNG.java:1067)
at org.testng.remote.AbstractRemoteTestNG.run(AbstractRemoteTestNG.java:115)
at org.testng.remote.RemoteTestNG.initAndRun(RemoteTestNG.java:251)
at org.testng.remote.RemoteTestNG.main(RemoteTestNG.java:77)
]]>
            </full-stacktrace>
          </exception> <!-- java.lang.ClassCastException -->
          <reporter-output>
          </reporter-output>
        </test-method> <!-- ValidateCreateAlbum -->
        <test-method is-config="true" signature="teardown()[pri:0, instance:tests.AlbumsTest@2aceadd4]" started-at="2023-03-29T16:13:14 IST" name="teardown" finished-at="2023-03-29T16:13:14 IST" duration-ms="2" status="PASS">
          <reporter-output>
          </reporter-output>
        </test-method> <!-- teardown -->
      </class> <!-- tests.AlbumsTest -->
    </test> <!-- Default test -->
  </suite> <!-- Default suite -->
</testng-results>
